<!DOCTYPE html PUBLIC "-//W3C//DTD XHTML 1.1//EN" "https://www.w3.org/TR/xhtml11/DTD/xhtml11.dtd">
<html xmlns="https://www.w3.org/1999/xhtml">
<head>
<meta http-equiv="content-type" content="text/html; charset=UTF-8"/>
<title>TestNG Report</title>
<style type="text/css">table {margin-bottom:10px;border-collapse:collapse;empty-cells:show}th,td {border:1px solid #009;padding:.25em .5em}th {vertical-align:bottom}td {vertical-align:top}table a {font-weight:bold}.stripe td {background-color: #E6EBF9}.num {text-align:right}.passedodd td {background-color: #3F3}.passedeven td {background-color: #0A0}.skippedodd td {background-color: #DDD}.skippedeven td {background-color: #CCC}.failedodd td,.attn {background-color: #F33}.failedeven td,.stripe .attn {background-color: #D00}.stacktrace {white-space:pre;font-family:monospace}.totop {font-size:85%;text-align:center;border-bottom:2px solid #000}.invisible {display:none}</style>
</head>
<body>
<table>
<tr><th>Test</th><th># Passed</th><th># Skipped</th><th># Retried</th><th># Failed</th><th>Time (ms)</th><th>Included Groups</th><th>Excluded Groups</th></tr>
<tr><th colspan="8">Suite</th></tr>
<tr><td><a href="#t0">Test_Chrome</a></td><td class="num">3</td><td class="num attn">1</td><td class="num">0</td><td class="num attn">1</td><td class="num">12,394</td><td></td><td></td></tr>
<tr class="stripe"><td><a href="#t1">Test_Edge</a></td><td class="num">3</td><td class="num attn">1</td><td class="num">0</td><td class="num attn">1</td><td class="num">17,214</td><td></td><td></td></tr>
<tr><th>Total</th><th class="num">6</th><th class="num attn">2</th><th class="num">0</th><th class="num attn">2</th><th class="num">29,608</th><th colspan="2"></th></tr>
</table>
<table id='summary'><thead><tr><th>Class</th><th>Method</th><th>Start</th><th>Time (ms)</th></tr></thead><tbody><tr><th colspan="4">Suite</th></tr></tbody><tbody id="t0"><tr><th colspan="4">Test_Chrome &#8212; failed</th></tr><tr class="failedeven"><td rowspan="1">TestNG.Test_3</td><td><a href="#m0">test_3</a></td><td rowspan="1">1655832789930</td><td rowspan="1">3</td></tr><tr><th colspan="4">Test_Chrome &#8212; skipped</th></tr><tr class="skippedeven"><td rowspan="1">TestNG.Test_3</td><td><a href="#m1">test_4</a></td><td rowspan="1">1655832790181</td><td rowspan="1">0</td></tr><tr><th colspan="4">Test_Chrome &#8212; passed</th></tr><tr class="passedeven"><td rowspan="3">TestNG.Test_3</td><td><a href="#m2">test_2</a></td><td rowspan="3">1655832785135</td><td rowspan="3">1</td></tr><tr class="passedeven"><td><a href="#m3">test_2</a></td></tr><tr class="passedeven"><td><a href="#m4">test_2</a></td></tr></tbody>
<tbody id="t1"><tr><th colspan="4">Test_Edge &#8212; failed</th></tr><tr class="failedeven"><td rowspan="1">TestNG.Test_3</td><td><a href="#m5">test_3</a></td><td rowspan="1">1655832807177</td><td rowspan="1">1</td></tr><tr><th colspan="4">Test_Edge &#8212; skipped</th></tr><tr class="skippedeven"><td rowspan="1">TestNG.Test_3</td><td><a href="#m6">test_4</a></td><td rowspan="1">1655832807414</td><td rowspan="1">0</td></tr><tr><th colspan="4">Test_Edge &#8212; passed</th></tr><tr class="passedeven"><td rowspan="3">TestNG.Test_3</td><td><a href="#m7">test_2</a></td><td rowspan="3">1655832804684</td><td rowspan="3">1</td></tr><tr class="passedeven"><td><a href="#m8">test_2</a></td></tr><tr class="passedeven"><td><a href="#m9">test_2</a></td></tr></tbody>
</table>
<h2>Test_Chrome</h2><h3 id="m0">TestNG.Test_3#test_3</h3><table class="result"><tr><th>Exception</th></tr><tr><td><div class="stacktrace">java.lang.AssertionError: expected [true] but found [false]
	at TestNG.Test_3.test_3(Test_3.java:43)
	at java.base/java.util.ArrayList.forEach(ArrayList.java:1511)
... Removed 29 stack frames</div></td></tr></table><p class="totop"><a href="#summary">back to summary</a></p>
<h3 id="m1">TestNG.Test_3#test_4</h3><table class="result"><tr><th>Exception</th></tr><tr><td><div class="stacktrace">java.lang.Throwable: Method Test_3.test_4()[pri:3, instance:TestNG.Test_3@7334aada] depends on not successfully finished methods
	at java.base/java.util.ArrayList.forEach(ArrayList.java:1511)
... Removed 18 stack frames</div></td></tr></table><p class="totop"><a href="#summary">back to summary</a></p>
<h3 id="m2">TestNG.Test_3#test_2</h3><table class="result"><tr><th class="invisible"/></tr></table><p class="totop"><a href="#summary">back to summary</a></p>
<h3 id="m3">TestNG.Test_3#test_2</h3><table class="result"><tr><th class="invisible"/></tr></table><p class="totop"><a href="#summary">back to summary</a></p>
<h3 id="m4">TestNG.Test_3#test_2</h3><table class="result"><tr><th class="invisible"/></tr></table><p class="totop"><a href="#summary">back to summary</a></p>
<h2>Test_Edge</h2><h3 id="m5">TestNG.Test_3#test_3</h3><table class="result"><tr><th>Exception</th></tr><tr><td><div class="stacktrace">java.lang.AssertionError: expected [true] but found [false]
	at TestNG.Test_3.test_3(Test_3.java:43)
	at java.base/java.util.ArrayList.forEach(ArrayList.java:1511)
... Removed 29 stack frames</div></td></tr></table><p class="totop"><a href="#summary">back to summary</a></p>
<h3 id="m6">TestNG.Test_3#test_4</h3><table class="result"><tr><th>Exception</th></tr><tr><td><div class="stacktrace">java.lang.Throwable: Method Test_3.test_4()[pri:3, instance:TestNG.Test_3@1bd4fdd] depends on not successfully finished methods
	at java.base/java.util.ArrayList.forEach(ArrayList.java:1511)
... Removed 18 stack frames</div></td></tr></table><p class="totop"><a href="#summary">back to summary</a></p>
<h3 id="m7">TestNG.Test_3#test_2</h3><table class="result"><tr><th class="invisible"/></tr></table><p class="totop"><a href="#summary">back to summary</a></p>
<h3 id="m8">TestNG.Test_3#test_2</h3><table class="result"><tr><th class="invisible"/></tr></table><p class="totop"><a href="#summary">back to summary</a></p>
<h3 id="m9">TestNG.Test_3#test_2</h3><table class="result"><tr><th class="invisible"/></tr></table><p class="totop"><a href="#summary">back to summary</a></p>
</body>
</html>
